{"H:\\DMTIC\\000. PRUEBAS PROGRAMACIÓN\\00.ELECTRON\\XAMPP ELECTRO V 0.0\\V 0.1\\app\\controllers\\databaseController.js": {"path":"H:\\DMTIC\\000. PRUEBAS PROGRAMACIÓN\\00.ELECTRON\\XAMPP ELECTRO V 0.0\\V 0.1\\app\\controllers\\databaseController.js","statementMap":{"0":{"start":{"line":1,"column":17},"end":{"line":1,"column":41}},"1":{"start":{"line":2,"column":22},"end":{"line":2,"column":56}},"2":{"start":{"line":6,"column":8},"end":{"line":6,"column":43}},"3":{"start":{"line":10,"column":8},"end":{"line":12,"column":9}},"4":{"start":{"line":11,"column":12},"end":{"line":11,"column":64}},"5":{"start":{"line":14,"column":33},"end":{"line":16,"column":9}},"6":{"start":{"line":18,"column":30},"end":{"line":18,"column":88}},"7":{"start":{"line":20,"column":8},"end":{"line":32,"column":11}},"8":{"start":{"line":21,"column":12},"end":{"line":31,"column":15}},"9":{"start":{"line":22,"column":16},"end":{"line":25,"column":17}},"10":{"start":{"line":23,"column":20},"end":{"line":23,"column":34}},"11":{"start":{"line":24,"column":20},"end":{"line":24,"column":27}},"12":{"start":{"line":27,"column":16},"end":{"line":30,"column":19}},"13":{"start":{"line":36,"column":33},"end":{"line":42,"column":9}},"14":{"start":{"line":44,"column":8},"end":{"line":44,"column":38}},"15":{"start":{"line":48,"column":24},"end":{"line":48,"column":63}},"16":{"start":{"line":50,"column":8},"end":{"line":72,"column":11}},"17":{"start":{"line":51,"column":12},"end":{"line":71,"column":15}},"18":{"start":{"line":52,"column":16},"end":{"line":55,"column":17}},"19":{"start":{"line":53,"column":20},"end":{"line":53,"column":34}},"20":{"start":{"line":54,"column":20},"end":{"line":54,"column":27}},"21":{"start":{"line":58,"column":34},"end":{"line":68,"column":41}},"22":{"start":{"line":62,"column":24},"end":{"line":66,"column":44}},"23":{"start":{"line":68,"column":31},"end":{"line":68,"column":40}},"24":{"start":{"line":70,"column":16},"end":{"line":70,"column":35}},"25":{"start":{"line":76,"column":33},"end":{"line":79,"column":9}},"26":{"start":{"line":81,"column":8},"end":{"line":81,"column":38}},"27":{"start":{"line":85,"column":0},"end":{"line":85,"column":42}}},"fnMap":{"0":{"name":"(anonymous_0)","decl":{"start":{"line":5,"column":4},"end":{"line":5,"column":5}},"loc":{"start":{"line":5,"column":18},"end":{"line":7,"column":5}},"line":5},"1":{"name":"(anonymous_1)","decl":{"start":{"line":9,"column":4},"end":{"line":9,"column":5}},"loc":{"start":{"line":9,"column":71},"end":{"line":33,"column":5}},"line":9},"2":{"name":"(anonymous_2)","decl":{"start":{"line":20,"column":27},"end":{"line":20,"column":28}},"loc":{"start":{"line":20,"column":48},"end":{"line":32,"column":9}},"line":20},"3":{"name":"(anonymous_3)","decl":{"start":{"line":21,"column":32},"end":{"line":21,"column":33}},"loc":{"start":{"line":21,"column":59},"end":{"line":31,"column":13}},"line":21},"4":{"name":"(anonymous_4)","decl":{"start":{"line":35,"column":4},"end":{"line":35,"column":5}},"loc":{"start":{"line":35,"column":50},"end":{"line":45,"column":5}},"line":35},"5":{"name":"(anonymous_5)","decl":{"start":{"line":47,"column":4},"end":{"line":47,"column":5}},"loc":{"start":{"line":47,"column":30},"end":{"line":73,"column":5}},"line":47},"6":{"name":"(anonymous_6)","decl":{"start":{"line":50,"column":27},"end":{"line":50,"column":28}},"loc":{"start":{"line":50,"column":48},"end":{"line":72,"column":9}},"line":50},"7":{"name":"(anonymous_7)","decl":{"start":{"line":51,"column":26},"end":{"line":51,"column":27}},"loc":{"start":{"line":51,"column":53},"end":{"line":71,"column":13}},"line":51},"8":{"name":"(anonymous_8)","decl":{"start":{"line":61,"column":28},"end":{"line":61,"column":29}},"loc":{"start":{"line":62,"column":24},"end":{"line":66,"column":44}},"line":62},"9":{"name":"(anonymous_9)","decl":{"start":{"line":68,"column":25},"end":{"line":68,"column":26}},"loc":{"start":{"line":68,"column":31},"end":{"line":68,"column":40}},"line":68},"10":{"name":"(anonymous_10)","decl":{"start":{"line":75,"column":4},"end":{"line":75,"column":5}},"loc":{"start":{"line":75,"column":39},"end":{"line":82,"column":5}},"line":75}},"branchMap":{"0":{"loc":{"start":{"line":9,"column":37},"end":{"line":9,"column":51}},"type":"default-arg","locations":[{"start":{"line":9,"column":47},"end":{"line":9,"column":51}}],"line":9},"1":{"loc":{"start":{"line":9,"column":53},"end":{"line":9,"column":69}},"type":"default-arg","locations":[{"start":{"line":9,"column":65},"end":{"line":9,"column":69}}],"line":9},"2":{"loc":{"start":{"line":10,"column":8},"end":{"line":12,"column":9}},"type":"if","locations":[{"start":{"line":10,"column":8},"end":{"line":12,"column":9}},{"start":{},"end":{}}],"line":10},"3":{"loc":{"start":{"line":22,"column":16},"end":{"line":25,"column":17}},"type":"if","locations":[{"start":{"line":22,"column":16},"end":{"line":25,"column":17}},{"start":{},"end":{}}],"line":22},"4":{"loc":{"start":{"line":52,"column":16},"end":{"line":55,"column":17}},"type":"if","locations":[{"start":{"line":52,"column":16},"end":{"line":55,"column":17}},{"start":{},"end":{}}],"line":52},"5":{"loc":{"start":{"line":62,"column":24},"end":{"line":66,"column":44}},"type":"binary-expr","locations":[{"start":{"line":62,"column":24},"end":{"line":62,"column":26}},{"start":{"line":63,"column":24},"end":{"line":63,"column":40}},{"start":{"line":64,"column":24},"end":{"line":64,"column":50}},{"start":{"line":65,"column":24},"end":{"line":65,"column":43}},{"start":{"line":66,"column":24},"end":{"line":66,"column":44}}],"line":62}},"s":{"0":2,"1":2,"2":2,"3":2,"4":0,"5":2,"6":2,"7":2,"8":2,"9":2,"10":0,"11":0,"12":2,"13":2,"14":2,"15":2,"16":2,"17":2,"18":2,"19":0,"20":0,"21":2,"22":7,"23":6,"24":2,"25":2,"26":2,"27":2},"f":{"0":2,"1":2,"2":2,"3":2,"4":2,"5":2,"6":2,"7":2,"8":7,"9":6,"10":2},"b":{"0":[2],"1":[2],"2":[0,2],"3":[0,2],"4":[0,2],"5":[7,7,7,6,6]},"_coverageSchema":"1a1c01bbd47fc00a2c39e90264f33305004495a9","hash":"2896aa00238f6a4cd96b1ab747762a3d1b624cb2"}
,"H:\\DMTIC\\000. PRUEBAS PROGRAMACIÓN\\00.ELECTRON\\XAMPP ELECTRO V 0.0\\V 0.1\\app\\controllers\\projectController.js": {"path":"H:\\DMTIC\\000. PRUEBAS PROGRAMACIÓN\\00.ELECTRON\\XAMPP ELECTRO V 0.0\\V 0.1\\app\\controllers\\projectController.js","statementMap":{"0":{"start":{"line":1,"column":11},"end":{"line":1,"column":24}},"1":{"start":{"line":2,"column":13},"end":{"line":2,"column":28}},"2":{"start":{"line":3,"column":21},"end":{"line":3,"column":54}},"3":{"start":{"line":7,"column":8},"end":{"line":7,"column":41}},"4":{"start":{"line":11,"column":8},"end":{"line":15,"column":9}},"5":{"start":{"line":12,"column":12},"end":{"line":12,"column":63}},"6":{"start":{"line":14,"column":12},"end":{"line":14,"column":72}},"7":{"start":{"line":19,"column":8},"end":{"line":19,"column":48}},"8":{"start":{"line":23,"column":8},"end":{"line":23,"column":51}},"9":{"start":{"line":27,"column":28},"end":{"line":30,"column":9}},"10":{"start":{"line":32,"column":8},"end":{"line":34,"column":9}},"11":{"start":{"line":33,"column":12},"end":{"line":33,"column":53}},"12":{"start":{"line":36,"column":8},"end":{"line":36,"column":65}},"13":{"start":{"line":38,"column":8},"end":{"line":42,"column":10}},"14":{"start":{"line":46,"column":0},"end":{"line":46,"column":41}}},"fnMap":{"0":{"name":"(anonymous_0)","decl":{"start":{"line":6,"column":4},"end":{"line":6,"column":5}},"loc":{"start":{"line":6,"column":18},"end":{"line":8,"column":5}},"line":6},"1":{"name":"(anonymous_1)","decl":{"start":{"line":10,"column":4},"end":{"line":10,"column":5}},"loc":{"start":{"line":10,"column":44},"end":{"line":16,"column":5}},"line":10},"2":{"name":"(anonymous_2)","decl":{"start":{"line":18,"column":4},"end":{"line":18,"column":5}},"loc":{"start":{"line":18,"column":19},"end":{"line":20,"column":5}},"line":18},"3":{"name":"(anonymous_3)","decl":{"start":{"line":22,"column":4},"end":{"line":22,"column":5}},"loc":{"start":{"line":22,"column":22},"end":{"line":24,"column":5}},"line":22},"4":{"name":"(anonymous_4)","decl":{"start":{"line":26,"column":4},"end":{"line":26,"column":5}},"loc":{"start":{"line":26,"column":24},"end":{"line":43,"column":5}},"line":26}},"branchMap":{"0":{"loc":{"start":{"line":10,"column":24},"end":{"line":10,"column":42}},"type":"default-arg","locations":[{"start":{"line":10,"column":31},"end":{"line":10,"column":42}}],"line":10},"1":{"loc":{"start":{"line":32,"column":8},"end":{"line":34,"column":9}},"type":"if","locations":[{"start":{"line":32,"column":8},"end":{"line":34,"column":9}},{"start":{},"end":{}}],"line":32}},"s":{"0":1,"1":1,"2":1,"3":1,"4":1,"5":1,"6":0,"7":1,"8":0,"9":0,"10":0,"11":0,"12":0,"13":0,"14":1},"f":{"0":1,"1":1,"2":1,"3":0,"4":0},"b":{"0":[0],"1":[0,0]},"_coverageSchema":"1a1c01bbd47fc00a2c39e90264f33305004495a9","hash":"3726351e2ef61b96ffa5f66ca073bf824f151e6a"}
,"H:\\DMTIC\\000. PRUEBAS PROGRAMACIÓN\\00.ELECTRON\\XAMPP ELECTRO V 0.0\\V 0.1\\app\\controllers\\serviceController.js": {"path":"H:\\DMTIC\\000. PRUEBAS PROGRAMACIÓN\\00.ELECTRON\\XAMPP ELECTRO V 0.0\\V 0.1\\app\\controllers\\serviceController.js","statementMap":{"0":{"start":{"line":1,"column":17},"end":{"line":1,"column":41}},"1":{"start":{"line":2,"column":11},"end":{"line":2,"column":24}},"2":{"start":{"line":3,"column":21},"end":{"line":3,"column":54}},"3":{"start":{"line":7,"column":8},"end":{"line":7,"column":41}},"4":{"start":{"line":11,"column":24},"end":{"line":11,"column":71}},"5":{"start":{"line":12,"column":25},"end":{"line":12,"column":38}},"6":{"start":{"line":14,"column":8},"end":{"line":16,"column":9}},"7":{"start":{"line":15,"column":12},"end":{"line":15,"column":69}},"8":{"start":{"line":18,"column":29},"end":{"line":18,"column":69}},"9":{"start":{"line":20,"column":8},"end":{"line":34,"column":11}},"10":{"start":{"line":21,"column":12},"end":{"line":33,"column":15}},"11":{"start":{"line":22,"column":16},"end":{"line":25,"column":17}},"12":{"start":{"line":23,"column":20},"end":{"line":23,"column":34}},"13":{"start":{"line":24,"column":20},"end":{"line":24,"column":27}},"14":{"start":{"line":27,"column":16},"end":{"line":27,"column":78}},"15":{"start":{"line":28,"column":16},"end":{"line":32,"column":19}},"16":{"start":{"line":38,"column":24},"end":{"line":38,"column":71}},"17":{"start":{"line":39,"column":25},"end":{"line":39,"column":38}},"18":{"start":{"line":41,"column":8},"end":{"line":43,"column":9}},"19":{"start":{"line":42,"column":12},"end":{"line":42,"column":69}},"20":{"start":{"line":45,"column":28},"end":{"line":45,"column":67}},"21":{"start":{"line":47,"column":8},"end":{"line":61,"column":11}},"22":{"start":{"line":48,"column":12},"end":{"line":60,"column":15}},"23":{"start":{"line":49,"column":16},"end":{"line":52,"column":17}},"24":{"start":{"line":50,"column":20},"end":{"line":50,"column":34}},"25":{"start":{"line":51,"column":20},"end":{"line":51,"column":27}},"26":{"start":{"line":54,"column":16},"end":{"line":54,"column":78}},"27":{"start":{"line":55,"column":16},"end":{"line":59,"column":19}},"28":{"start":{"line":65,"column":8},"end":{"line":70,"column":9}},"29":{"start":{"line":66,"column":12},"end":{"line":66,"column":48}},"30":{"start":{"line":67,"column":12},"end":{"line":67,"column":56}},"31":{"start":{"line":69,"column":12},"end":{"line":69,"column":82}},"32":{"start":{"line":74,"column":24},"end":{"line":74,"column":71}},"33":{"start":{"line":75,"column":8},"end":{"line":75,"column":54}},"34":{"start":{"line":79,"column":8},"end":{"line":79,"column":55}},"35":{"start":{"line":83,"column":0},"end":{"line":83,"column":41}}},"fnMap":{"0":{"name":"(anonymous_0)","decl":{"start":{"line":6,"column":4},"end":{"line":6,"column":5}},"loc":{"start":{"line":6,"column":18},"end":{"line":8,"column":5}},"line":6},"1":{"name":"(anonymous_1)","decl":{"start":{"line":10,"column":4},"end":{"line":10,"column":5}},"loc":{"start":{"line":10,"column":36},"end":{"line":35,"column":5}},"line":10},"2":{"name":"(anonymous_2)","decl":{"start":{"line":20,"column":27},"end":{"line":20,"column":28}},"loc":{"start":{"line":20,"column":48},"end":{"line":34,"column":9}},"line":20},"3":{"name":"(anonymous_3)","decl":{"start":{"line":21,"column":31},"end":{"line":21,"column":32}},"loc":{"start":{"line":21,"column":58},"end":{"line":33,"column":13}},"line":21},"4":{"name":"(anonymous_4)","decl":{"start":{"line":37,"column":4},"end":{"line":37,"column":5}},"loc":{"start":{"line":37,"column":35},"end":{"line":62,"column":5}},"line":37},"5":{"name":"(anonymous_5)","decl":{"start":{"line":47,"column":27},"end":{"line":47,"column":28}},"loc":{"start":{"line":47,"column":48},"end":{"line":61,"column":9}},"line":47},"6":{"name":"(anonymous_6)","decl":{"start":{"line":48,"column":30},"end":{"line":48,"column":31}},"loc":{"start":{"line":48,"column":57},"end":{"line":60,"column":13}},"line":48},"7":{"name":"(anonymous_7)","decl":{"start":{"line":64,"column":4},"end":{"line":64,"column":5}},"loc":{"start":{"line":64,"column":38},"end":{"line":71,"column":5}},"line":64},"8":{"name":"(anonymous_8)","decl":{"start":{"line":73,"column":4},"end":{"line":73,"column":5}},"loc":{"start":{"line":73,"column":34},"end":{"line":76,"column":5}},"line":73},"9":{"name":"(anonymous_9)","decl":{"start":{"line":78,"column":4},"end":{"line":78,"column":5}},"loc":{"start":{"line":78,"column":19},"end":{"line":80,"column":5}},"line":78}},"branchMap":{"0":{"loc":{"start":{"line":14,"column":8},"end":{"line":16,"column":9}},"type":"if","locations":[{"start":{"line":14,"column":8},"end":{"line":16,"column":9}},{"start":{},"end":{}}],"line":14},"1":{"loc":{"start":{"line":22,"column":16},"end":{"line":25,"column":17}},"type":"if","locations":[{"start":{"line":22,"column":16},"end":{"line":25,"column":17}},{"start":{},"end":{}}],"line":22},"2":{"loc":{"start":{"line":41,"column":8},"end":{"line":43,"column":9}},"type":"if","locations":[{"start":{"line":41,"column":8},"end":{"line":43,"column":9}},{"start":{},"end":{}}],"line":41},"3":{"loc":{"start":{"line":49,"column":16},"end":{"line":52,"column":17}},"type":"if","locations":[{"start":{"line":49,"column":16},"end":{"line":52,"column":17}},{"start":{},"end":{}}],"line":49},"4":{"loc":{"start":{"line":75,"column":15},"end":{"line":75,"column":53}},"type":"cond-expr","locations":[{"start":{"line":75,"column":25},"end":{"line":75,"column":39}},{"start":{"line":75,"column":42},"end":{"line":75,"column":53}}],"line":75}},"s":{"0":2,"1":2,"2":2,"3":2,"4":1,"5":1,"6":1,"7":0,"8":1,"9":1,"10":1,"11":1,"12":0,"13":0,"14":1,"15":1,"16":1,"17":1,"18":1,"19":0,"20":1,"21":1,"22":1,"23":1,"24":0,"25":0,"26":1,"27":1,"28":0,"29":0,"30":0,"31":0,"32":0,"33":0,"34":0,"35":2},"f":{"0":2,"1":1,"2":1,"3":1,"4":1,"5":1,"6":1,"7":0,"8":0,"9":0},"b":{"0":[0,1],"1":[0,1],"2":[0,1],"3":[0,1],"4":[0,0]},"_coverageSchema":"1a1c01bbd47fc00a2c39e90264f33305004495a9","hash":"f3a75d94008668120bf1b5dae3174aeb300a8b65"}
,"H:\\DMTIC\\000. PRUEBAS PROGRAMACIÓN\\00.ELECTRON\\XAMPP ELECTRO V 0.0\\V 0.1\\app\\models\\databaseModel.js": {"path":"H:\\DMTIC\\000. PRUEBAS PROGRAMACIÓN\\00.ELECTRON\\XAMPP ELECTRO V 0.0\\V 0.1\\app\\models\\databaseModel.js","statementMap":{"0":{"start":{"line":1,"column":11},"end":{"line":1,"column":24}},"1":{"start":{"line":2,"column":13},"end":{"line":2,"column":28}},"2":{"start":{"line":3,"column":11},"end":{"line":3,"column":24}},"3":{"start":{"line":7,"column":8},"end":{"line":7,"column":74}},"4":{"start":{"line":11,"column":24},"end":{"line":11,"column":64}},"5":{"start":{"line":12,"column":8},"end":{"line":12,"column":45}},"6":{"start":{"line":16,"column":26},"end":{"line":16,"column":48}},"7":{"start":{"line":17,"column":8},"end":{"line":17,"column":31}},"8":{"start":{"line":21,"column":25},"end":{"line":21,"column":61}},"9":{"start":{"line":22,"column":25},"end":{"line":22,"column":38}},"10":{"start":{"line":24,"column":8},"end":{"line":28,"column":10}},"11":{"start":{"line":32,"column":23},"end":{"line":32,"column":51}},"12":{"start":{"line":34,"column":8},"end":{"line":38,"column":10}},"13":{"start":{"line":43,"column":22},"end":{"line":43,"column":39}},"14":{"start":{"line":44,"column":8},"end":{"line":44,"column":53}},"15":{"start":{"line":48,"column":0},"end":{"line":48,"column":37}}},"fnMap":{"0":{"name":"(anonymous_0)","decl":{"start":{"line":6,"column":4},"end":{"line":6,"column":5}},"loc":{"start":{"line":6,"column":18},"end":{"line":8,"column":5}},"line":6},"1":{"name":"(anonymous_1)","decl":{"start":{"line":10,"column":4},"end":{"line":10,"column":5}},"loc":{"start":{"line":10,"column":22},"end":{"line":13,"column":5}},"line":10},"2":{"name":"(anonymous_2)","decl":{"start":{"line":15,"column":4},"end":{"line":15,"column":5}},"loc":{"start":{"line":15,"column":28},"end":{"line":18,"column":5}},"line":15},"3":{"name":"(anonymous_3)","decl":{"start":{"line":20,"column":4},"end":{"line":20,"column":5}},"loc":{"start":{"line":20,"column":35},"end":{"line":29,"column":5}},"line":20},"4":{"name":"(anonymous_4)","decl":{"start":{"line":31,"column":4},"end":{"line":31,"column":5}},"loc":{"start":{"line":31,"column":73},"end":{"line":39,"column":5}},"line":31},"5":{"name":"(anonymous_5)","decl":{"start":{"line":41,"column":4},"end":{"line":41,"column":5}},"loc":{"start":{"line":41,"column":31},"end":{"line":45,"column":5}},"line":41}},"branchMap":{"0":{"loc":{"start":{"line":31,"column":39},"end":{"line":31,"column":53}},"type":"default-arg","locations":[{"start":{"line":31,"column":49},"end":{"line":31,"column":53}}],"line":31},"1":{"loc":{"start":{"line":31,"column":55},"end":{"line":31,"column":71}},"type":"default-arg","locations":[{"start":{"line":31,"column":67},"end":{"line":31,"column":71}}],"line":31},"2":{"loc":{"start":{"line":36,"column":21},"end":{"line":36,"column":53}},"type":"binary-expr","locations":[{"start":{"line":36,"column":21},"end":{"line":36,"column":28}},{"start":{"line":36,"column":32},"end":{"line":36,"column":53}}],"line":36},"3":{"loc":{"start":{"line":37,"column":23},"end":{"line":37,"column":59}},"type":"binary-expr","locations":[{"start":{"line":37,"column":23},"end":{"line":37,"column":32}},{"start":{"line":37,"column":36},"end":{"line":37,"column":59}}],"line":37},"4":{"loc":{"start":{"line":44,"column":15},"end":{"line":44,"column":52}},"type":"binary-expr","locations":[{"start":{"line":44,"column":15},"end":{"line":44,"column":31}},{"start":{"line":44,"column":35},"end":{"line":44,"column":52}}],"line":44}},"s":{"0":2,"1":2,"2":2,"3":2,"4":2,"5":2,"6":2,"7":2,"8":0,"9":0,"10":0,"11":2,"12":2,"13":2,"14":2,"15":2},"f":{"0":2,"1":2,"2":2,"3":0,"4":2,"5":2},"b":{"0":[0],"1":[0],"2":[2,2],"3":[2,2],"4":[2,2]},"_coverageSchema":"1a1c01bbd47fc00a2c39e90264f33305004495a9","hash":"1f5c5676b8c345c02697d9e98660951e5f2cd5fc"}
,"H:\\DMTIC\\000. PRUEBAS PROGRAMACIÓN\\00.ELECTRON\\XAMPP ELECTRO V 0.0\\V 0.1\\app\\models\\projectModel.js": {"path":"H:\\DMTIC\\000. PRUEBAS PROGRAMACIÓN\\00.ELECTRON\\XAMPP ELECTRO V 0.0\\V 0.1\\app\\models\\projectModel.js","statementMap":{"0":{"start":{"line":1,"column":11},"end":{"line":1,"column":24}},"1":{"start":{"line":2,"column":13},"end":{"line":2,"column":28}},"2":{"start":{"line":3,"column":11},"end":{"line":3,"column":24}},"3":{"start":{"line":7,"column":28},"end":{"line":7,"column":59}},"4":{"start":{"line":8,"column":8},"end":{"line":8,"column":65}},"5":{"start":{"line":9,"column":8},"end":{"line":9,"column":73}},"6":{"start":{"line":13,"column":8},"end":{"line":13,"column":48}},"7":{"start":{"line":17,"column":28},"end":{"line":17,"column":85}},"8":{"start":{"line":17,"column":71},"end":{"line":17,"column":84}},"9":{"start":{"line":19,"column":8},"end":{"line":21,"column":9}},"10":{"start":{"line":20,"column":12},"end":{"line":20,"column":58}},"11":{"start":{"line":23,"column":28},"end":{"line":23,"column":57}},"12":{"start":{"line":26,"column":8},"end":{"line":28,"column":9}},"13":{"start":{"line":27,"column":12},"end":{"line":27,"column":53}},"14":{"start":{"line":31,"column":8},"end":{"line":31,"column":55}},"15":{"start":{"line":33,"column":8},"end":{"line":41,"column":11}},"16":{"start":{"line":34,"column":29},"end":{"line":34,"column":57}},"17":{"start":{"line":36,"column":12},"end":{"line":40,"column":13}},"18":{"start":{"line":37,"column":16},"end":{"line":37,"column":60}},"19":{"start":{"line":39,"column":16},"end":{"line":39,"column":73}},"20":{"start":{"line":43,"column":8},"end":{"line":47,"column":10}},"21":{"start":{"line":51,"column":25},"end":{"line":55,"column":9}},"22":{"start":{"line":57,"column":8},"end":{"line":57,"column":40}},"23":{"start":{"line":61,"column":8},"end":{"line":62,"column":86}},"24":{"start":{"line":62,"column":28},"end":{"line":62,"column":84}},"25":{"start":{"line":66,"column":0},"end":{"line":66,"column":36}}},"fnMap":{"0":{"name":"(anonymous_0)","decl":{"start":{"line":6,"column":4},"end":{"line":6,"column":5}},"loc":{"start":{"line":6,"column":18},"end":{"line":10,"column":5}},"line":6},"1":{"name":"(anonymous_1)","decl":{"start":{"line":12,"column":4},"end":{"line":12,"column":5}},"loc":{"start":{"line":12,"column":22},"end":{"line":14,"column":5}},"line":12},"2":{"name":"(anonymous_2)","decl":{"start":{"line":16,"column":4},"end":{"line":16,"column":5}},"loc":{"start":{"line":16,"column":44},"end":{"line":48,"column":5}},"line":16},"3":{"name":"(anonymous_3)","decl":{"start":{"line":17,"column":66},"end":{"line":17,"column":67}},"loc":{"start":{"line":17,"column":71},"end":{"line":17,"column":84}},"line":17},"4":{"name":"(anonymous_4)","decl":{"start":{"line":33,"column":45},"end":{"line":33,"column":46}},"loc":{"start":{"line":33,"column":53},"end":{"line":41,"column":9}},"line":33},"5":{"name":"(anonymous_5)","decl":{"start":{"line":50,"column":4},"end":{"line":50,"column":5}},"loc":{"start":{"line":50,"column":32},"end":{"line":58,"column":5}},"line":50},"6":{"name":"(anonymous_6)","decl":{"start":{"line":60,"column":4},"end":{"line":60,"column":5}},"loc":{"start":{"line":60,"column":19},"end":{"line":63,"column":5}},"line":60},"7":{"name":"(anonymous_7)","decl":{"start":{"line":62,"column":20},"end":{"line":62,"column":21}},"loc":{"start":{"line":62,"column":28},"end":{"line":62,"column":84}},"line":62}},"branchMap":{"0":{"loc":{"start":{"line":16,"column":24},"end":{"line":16,"column":42}},"type":"default-arg","locations":[{"start":{"line":16,"column":31},"end":{"line":16,"column":42}}],"line":16},"1":{"loc":{"start":{"line":19,"column":8},"end":{"line":21,"column":9}},"type":"if","locations":[{"start":{"line":19,"column":8},"end":{"line":21,"column":9}},{"start":{},"end":{}}],"line":19},"2":{"loc":{"start":{"line":26,"column":8},"end":{"line":28,"column":9}},"type":"if","locations":[{"start":{"line":26,"column":8},"end":{"line":28,"column":9}},{"start":{},"end":{}}],"line":26},"3":{"loc":{"start":{"line":36,"column":12},"end":{"line":40,"column":13}},"type":"if","locations":[{"start":{"line":36,"column":12},"end":{"line":40,"column":13}},{"start":{"line":38,"column":19},"end":{"line":40,"column":13}}],"line":36},"4":{"loc":{"start":{"line":57,"column":15},"end":{"line":57,"column":39}},"type":"binary-expr","locations":[{"start":{"line":57,"column":15},"end":{"line":57,"column":33}},{"start":{"line":57,"column":37},"end":{"line":57,"column":39}}],"line":57}},"s":{"0":2,"1":2,"2":2,"3":2,"4":2,"5":2,"6":1,"7":1,"8":1,"9":1,"10":0,"11":1,"12":1,"13":0,"14":1,"15":1,"16":5,"17":5,"18":3,"19":2,"20":1,"21":2,"22":2,"23":1,"24":11,"25":2},"f":{"0":2,"1":1,"2":1,"3":1,"4":5,"5":2,"6":1,"7":11},"b":{"0":[0],"1":[0,1],"2":[0,1],"3":[3,2],"4":[2,0]},"_coverageSchema":"1a1c01bbd47fc00a2c39e90264f33305004495a9","hash":"89419651b3b455d0e2413d92bb9b9072fcc34efa"}
,"H:\\DMTIC\\000. PRUEBAS PROGRAMACIÓN\\00.ELECTRON\\XAMPP ELECTRO V 0.0\\V 0.1\\app\\models\\serviceModel.js": {"path":"H:\\DMTIC\\000. PRUEBAS PROGRAMACIÓN\\00.ELECTRON\\XAMPP ELECTRO V 0.0\\V 0.1\\app\\models\\serviceModel.js","statementMap":{"0":{"start":{"line":1,"column":11},"end":{"line":1,"column":24}},"1":{"start":{"line":2,"column":13},"end":{"line":2,"column":28}},"2":{"start":{"line":3,"column":11},"end":{"line":3,"column":24}},"3":{"start":{"line":7,"column":8},"end":{"line":7,"column":74}},"4":{"start":{"line":11,"column":24},"end":{"line":11,"column":64}},"5":{"start":{"line":12,"column":8},"end":{"line":12,"column":44}},"6":{"start":{"line":16,"column":25},"end":{"line":16,"column":46}},"7":{"start":{"line":17,"column":8},"end":{"line":17,"column":91}},"8":{"start":{"line":17,"column":40},"end":{"line":17,"column":89}},"9":{"start":{"line":21,"column":25},"end":{"line":21,"column":46}},"10":{"start":{"line":22,"column":8},"end":{"line":22,"column":65}},"11":{"start":{"line":22,"column":42},"end":{"line":22,"column":63}},"12":{"start":{"line":26,"column":25},"end":{"line":26,"column":38}},"13":{"start":{"line":27,"column":25},"end":{"line":27,"column":46}},"14":{"start":{"line":29,"column":8},"end":{"line":31,"column":10}},"15":{"start":{"line":30,"column":12},"end":{"line":30,"column":53}},"16":{"start":{"line":35,"column":31},"end":{"line":35,"column":83}},"17":{"start":{"line":36,"column":29},"end":{"line":38,"column":9}},"18":{"start":{"line":37,"column":23},"end":{"line":37,"column":79}},"19":{"start":{"line":40,"column":8},"end":{"line":49,"column":9}},"20":{"start":{"line":41,"column":12},"end":{"line":41,"column":66}},"21":{"start":{"line":43,"column":12},"end":{"line":46,"column":14}},"22":{"start":{"line":48,"column":12},"end":{"line":48,"column":24}},"23":{"start":{"line":51,"column":8},"end":{"line":51,"column":21}},"24":{"start":{"line":55,"column":25},"end":{"line":55,"column":38}},"25":{"start":{"line":56,"column":24},"end":{"line":56,"column":58}},"26":{"start":{"line":58,"column":8},"end":{"line":60,"column":9}},"27":{"start":{"line":59,"column":12},"end":{"line":59,"column":54}},"28":{"start":{"line":62,"column":8},"end":{"line":62,"column":20}},"29":{"start":{"line":66,"column":0},"end":{"line":66,"column":36}}},"fnMap":{"0":{"name":"(anonymous_0)","decl":{"start":{"line":6,"column":4},"end":{"line":6,"column":5}},"loc":{"start":{"line":6,"column":18},"end":{"line":8,"column":5}},"line":6},"1":{"name":"(anonymous_1)","decl":{"start":{"line":10,"column":4},"end":{"line":10,"column":5}},"loc":{"start":{"line":10,"column":21},"end":{"line":13,"column":5}},"line":10},"2":{"name":"(anonymous_2)","decl":{"start":{"line":15,"column":4},"end":{"line":15,"column":5}},"loc":{"start":{"line":15,"column":27},"end":{"line":18,"column":5}},"line":15},"3":{"name":"(anonymous_3)","decl":{"start":{"line":17,"column":29},"end":{"line":17,"column":30}},"loc":{"start":{"line":17,"column":40},"end":{"line":17,"column":89}},"line":17},"4":{"name":"(anonymous_4)","decl":{"start":{"line":20,"column":4},"end":{"line":20,"column":5}},"loc":{"start":{"line":20,"column":27},"end":{"line":23,"column":5}},"line":20},"5":{"name":"(anonymous_5)","decl":{"start":{"line":22,"column":31},"end":{"line":22,"column":32}},"loc":{"start":{"line":22,"column":42},"end":{"line":22,"column":63}},"line":22},"6":{"name":"(anonymous_6)","decl":{"start":{"line":25,"column":4},"end":{"line":25,"column":5}},"loc":{"start":{"line":25,"column":26},"end":{"line":32,"column":5}},"line":25},"7":{"name":"(anonymous_7)","decl":{"start":{"line":29,"column":31},"end":{"line":29,"column":32}},"loc":{"start":{"line":30,"column":12},"end":{"line":30,"column":53}},"line":30},"8":{"name":"(anonymous_8)","decl":{"start":{"line":34,"column":4},"end":{"line":34,"column":5}},"loc":{"start":{"line":34,"column":45},"end":{"line":52,"column":5}},"line":34},"9":{"name":"(anonymous_9)","decl":{"start":{"line":37,"column":12},"end":{"line":37,"column":13}},"loc":{"start":{"line":37,"column":23},"end":{"line":37,"column":79}},"line":37},"10":{"name":"(anonymous_10)","decl":{"start":{"line":54,"column":4},"end":{"line":54,"column":5}},"loc":{"start":{"line":54,"column":43},"end":{"line":63,"column":5}},"line":54}},"branchMap":{"0":{"loc":{"start":{"line":40,"column":8},"end":{"line":49,"column":9}},"type":"if","locations":[{"start":{"line":40,"column":8},"end":{"line":49,"column":9}},{"start":{},"end":{}}],"line":40},"1":{"loc":{"start":{"line":58,"column":8},"end":{"line":60,"column":9}},"type":"if","locations":[{"start":{"line":58,"column":8},"end":{"line":60,"column":9}},{"start":{},"end":{}}],"line":58},"2":{"loc":{"start":{"line":58,"column":12},"end":{"line":58,"column":39}},"type":"binary-expr","locations":[{"start":{"line":58,"column":12},"end":{"line":58,"column":19}},{"start":{"line":58,"column":23},"end":{"line":58,"column":39}}],"line":58}},"s":{"0":2,"1":2,"2":2,"3":2,"4":3,"5":3,"6":2,"7":2,"8":3,"9":0,"10":0,"11":0,"12":0,"13":0,"14":0,"15":0,"16":2,"17":2,"18":3,"19":2,"20":2,"21":2,"22":2,"23":0,"24":0,"25":0,"26":0,"27":0,"28":0,"29":2},"f":{"0":2,"1":3,"2":2,"3":3,"4":0,"5":0,"6":0,"7":0,"8":2,"9":3,"10":0},"b":{"0":[2,0],"1":[0,0],"2":[0,0]},"_coverageSchema":"1a1c01bbd47fc00a2c39e90264f33305004495a9","hash":"32f6f425b85d31fb3a1ede79591632589719c2d6"}
,"H:\\DMTIC\\000. PRUEBAS PROGRAMACIÓN\\00.ELECTRON\\XAMPP ELECTRO V 0.0\\V 0.1\\app\\utils\\fileManager.js": {"path":"H:\\DMTIC\\000. PRUEBAS PROGRAMACIÓN\\00.ELECTRON\\XAMPP ELECTRO V 0.0\\V 0.1\\app\\utils\\fileManager.js","statementMap":{"0":{"start":{"line":1,"column":11},"end":{"line":1,"column":24}},"1":{"start":{"line":2,"column":13},"end":{"line":2,"column":28}},"2":{"start":{"line":3,"column":11},"end":{"line":3,"column":24}},"3":{"start":{"line":7,"column":8},"end":{"line":7,"column":38}},"4":{"start":{"line":11,"column":8},"end":{"line":17,"column":9}},"5":{"start":{"line":12,"column":12},"end":{"line":12,"column":49}},"6":{"start":{"line":13,"column":12},"end":{"line":13,"column":24}},"7":{"start":{"line":15,"column":12},"end":{"line":15,"column":72}},"8":{"start":{"line":16,"column":12},"end":{"line":16,"column":25}},"9":{"start":{"line":21,"column":8},"end":{"line":27,"column":9}},"10":{"start":{"line":22,"column":12},"end":{"line":22,"column":58}},"11":{"start":{"line":23,"column":12},"end":{"line":23,"column":24}},"12":{"start":{"line":25,"column":12},"end":{"line":25,"column":73}},"13":{"start":{"line":26,"column":12},"end":{"line":26,"column":25}},"14":{"start":{"line":31,"column":8},"end":{"line":36,"column":9}},"15":{"start":{"line":32,"column":12},"end":{"line":32,"column":55}},"16":{"start":{"line":34,"column":12},"end":{"line":34,"column":69}},"17":{"start":{"line":35,"column":12},"end":{"line":35,"column":24}},"18":{"start":{"line":40,"column":8},"end":{"line":46,"column":9}},"19":{"start":{"line":41,"column":12},"end":{"line":41,"column":36}},"20":{"start":{"line":42,"column":12},"end":{"line":42,"column":24}},"21":{"start":{"line":44,"column":12},"end":{"line":44,"column":72}},"22":{"start":{"line":45,"column":12},"end":{"line":45,"column":25}},"23":{"start":{"line":50,"column":8},"end":{"line":56,"column":9}},"24":{"start":{"line":51,"column":12},"end":{"line":51,"column":49}},"25":{"start":{"line":52,"column":12},"end":{"line":52,"column":24}},"26":{"start":{"line":54,"column":12},"end":{"line":54,"column":70}},"27":{"start":{"line":55,"column":12},"end":{"line":55,"column":25}},"28":{"start":{"line":60,"column":8},"end":{"line":66,"column":9}},"29":{"start":{"line":61,"column":12},"end":{"line":61,"column":47}},"30":{"start":{"line":62,"column":12},"end":{"line":62,"column":24}},"31":{"start":{"line":64,"column":12},"end":{"line":64,"column":70}},"32":{"start":{"line":65,"column":12},"end":{"line":65,"column":25}},"33":{"start":{"line":70,"column":8},"end":{"line":75,"column":9}},"34":{"start":{"line":71,"column":12},"end":{"line":71,"column":43}},"35":{"start":{"line":73,"column":12},"end":{"line":73,"column":73}},"36":{"start":{"line":74,"column":12},"end":{"line":74,"column":22}},"37":{"start":{"line":79,"column":0},"end":{"line":79,"column":35}}},"fnMap":{"0":{"name":"(anonymous_0)","decl":{"start":{"line":6,"column":4},"end":{"line":6,"column":5}},"loc":{"start":{"line":6,"column":18},"end":{"line":8,"column":5}},"line":6},"1":{"name":"(anonymous_1)","decl":{"start":{"line":10,"column":4},"end":{"line":10,"column":5}},"loc":{"start":{"line":10,"column":47},"end":{"line":18,"column":5}},"line":10},"2":{"name":"(anonymous_2)","decl":{"start":{"line":20,"column":4},"end":{"line":20,"column":5}},"loc":{"start":{"line":20,"column":52},"end":{"line":28,"column":5}},"line":20},"3":{"name":"(anonymous_3)","decl":{"start":{"line":30,"column":4},"end":{"line":30,"column":5}},"loc":{"start":{"line":30,"column":42},"end":{"line":37,"column":5}},"line":30},"4":{"name":"(anonymous_4)","decl":{"start":{"line":39,"column":4},"end":{"line":39,"column":5}},"loc":{"start":{"line":39,"column":25},"end":{"line":47,"column":5}},"line":39},"5":{"name":"(anonymous_5)","decl":{"start":{"line":49,"column":4},"end":{"line":49,"column":5}},"loc":{"start":{"line":49,"column":34},"end":{"line":57,"column":5}},"line":49},"6":{"name":"(anonymous_6)","decl":{"start":{"line":59,"column":4},"end":{"line":59,"column":5}},"loc":{"start":{"line":59,"column":34},"end":{"line":67,"column":5}},"line":59},"7":{"name":"(anonymous_7)","decl":{"start":{"line":69,"column":4},"end":{"line":69,"column":5}},"loc":{"start":{"line":69,"column":35},"end":{"line":76,"column":5}},"line":69}},"branchMap":{"0":{"loc":{"start":{"line":10,"column":29},"end":{"line":10,"column":45}},"type":"default-arg","locations":[{"start":{"line":10,"column":41},"end":{"line":10,"column":45}}],"line":10},"1":{"loc":{"start":{"line":20,"column":33},"end":{"line":20,"column":50}},"type":"default-arg","locations":[{"start":{"line":20,"column":44},"end":{"line":20,"column":50}}],"line":20},"2":{"loc":{"start":{"line":30,"column":23},"end":{"line":30,"column":40}},"type":"default-arg","locations":[{"start":{"line":30,"column":34},"end":{"line":30,"column":40}}],"line":30}},"s":{"0":1,"1":1,"2":1,"3":1,"4":0,"5":0,"6":0,"7":0,"8":0,"9":2,"10":2,"11":2,"12":0,"13":0,"14":1,"15":1,"16":0,"17":0,"18":0,"19":0,"20":0,"21":0,"22":0,"23":0,"24":0,"25":0,"26":0,"27":0,"28":0,"29":0,"30":0,"31":0,"32":0,"33":0,"34":0,"35":0,"36":0,"37":1},"f":{"0":1,"1":0,"2":2,"3":1,"4":0,"5":0,"6":0,"7":0},"b":{"0":[0],"1":[2],"2":[1]},"_coverageSchema":"1a1c01bbd47fc00a2c39e90264f33305004495a9","hash":"ce2ac738253501397bb67ae217b11e663d4c8e7b"}
,"H:\\DMTIC\\000. PRUEBAS PROGRAMACIÓN\\00.ELECTRON\\XAMPP ELECTRO V 0.0\\V 0.1\\app\\utils\\logManager.js": {"path":"H:\\DMTIC\\000. PRUEBAS PROGRAMACIÓN\\00.ELECTRON\\XAMPP ELECTRO V 0.0\\V 0.1\\app\\utils\\logManager.js","statementMap":{"0":{"start":{"line":1,"column":11},"end":{"line":1,"column":24}},"1":{"start":{"line":2,"column":13},"end":{"line":2,"column":28}},"2":{"start":{"line":3,"column":11},"end":{"line":3,"column":24}},"3":{"start":{"line":7,"column":27},"end":{"line":7,"column":57}},"4":{"start":{"line":8,"column":8},"end":{"line":8,"column":38}},"5":{"start":{"line":9,"column":8},"end":{"line":9,"column":50}},"6":{"start":{"line":13,"column":24},"end":{"line":13,"column":45}},"7":{"start":{"line":14,"column":25},"end":{"line":14,"column":60}},"8":{"start":{"line":16,"column":8},"end":{"line":20,"column":9}},"9":{"start":{"line":17,"column":12},"end":{"line":17,"column":56}},"10":{"start":{"line":19,"column":12},"end":{"line":19,"column":69}},"11":{"start":{"line":24,"column":30},"end":{"line":28,"column":9}},"12":{"start":{"line":30,"column":23},"end":{"line":30,"column":51}},"13":{"start":{"line":32,"column":8},"end":{"line":34,"column":9}},"14":{"start":{"line":33,"column":12},"end":{"line":33,"column":54}},"15":{"start":{"line":36,"column":8},"end":{"line":36,"column":73}},"16":{"start":{"line":40,"column":8},"end":{"line":45,"column":11}},"17":{"start":{"line":49,"column":8},"end":{"line":49,"column":54}},"18":{"start":{"line":53,"column":23},"end":{"line":53,"column":68}},"19":{"start":{"line":54,"column":25},"end":{"line":57,"column":22}},"20":{"start":{"line":55,"column":28},"end":{"line":55,"column":55}},"21":{"start":{"line":59,"column":8},"end":{"line":62,"column":9}},"22":{"start":{"line":60,"column":12},"end":{"line":61,"column":73}},"23":{"start":{"line":61,"column":33},"end":{"line":61,"column":71}},"24":{"start":{"line":66,"column":0},"end":{"line":66,"column":34}}},"fnMap":{"0":{"name":"(anonymous_0)","decl":{"start":{"line":6,"column":4},"end":{"line":6,"column":5}},"loc":{"start":{"line":6,"column":18},"end":{"line":10,"column":5}},"line":6},"1":{"name":"(anonymous_1)","decl":{"start":{"line":12,"column":4},"end":{"line":12,"column":5}},"loc":{"start":{"line":12,"column":30},"end":{"line":21,"column":5}},"line":12},"2":{"name":"(anonymous_2)","decl":{"start":{"line":23,"column":4},"end":{"line":23,"column":5}},"loc":{"start":{"line":23,"column":21},"end":{"line":37,"column":5}},"line":23},"3":{"name":"(anonymous_3)","decl":{"start":{"line":39,"column":4},"end":{"line":39,"column":5}},"loc":{"start":{"line":39,"column":35},"end":{"line":46,"column":5}},"line":39},"4":{"name":"(anonymous_4)","decl":{"start":{"line":48,"column":4},"end":{"line":48,"column":5}},"loc":{"start":{"line":48,"column":21},"end":{"line":50,"column":5}},"line":48},"5":{"name":"(anonymous_5)","decl":{"start":{"line":52,"column":4},"end":{"line":52,"column":5}},"loc":{"start":{"line":52,"column":25},"end":{"line":63,"column":5}},"line":52},"6":{"name":"(anonymous_6)","decl":{"start":{"line":55,"column":20},"end":{"line":55,"column":21}},"loc":{"start":{"line":55,"column":28},"end":{"line":55,"column":55}},"line":55},"7":{"name":"(anonymous_7)","decl":{"start":{"line":61,"column":25},"end":{"line":61,"column":26}},"loc":{"start":{"line":61,"column":33},"end":{"line":61,"column":71}},"line":61}},"branchMap":{"0":{"loc":{"start":{"line":32,"column":8},"end":{"line":34,"column":9}},"type":"if","locations":[{"start":{"line":32,"column":8},"end":{"line":34,"column":9}},{"start":{},"end":{}}],"line":32},"1":{"loc":{"start":{"line":59,"column":8},"end":{"line":62,"column":9}},"type":"if","locations":[{"start":{"line":59,"column":8},"end":{"line":62,"column":9}},{"start":{},"end":{}}],"line":59}},"s":{"0":1,"1":1,"2":1,"3":1,"4":1,"5":1,"6":1,"7":1,"8":1,"9":1,"10":0,"11":2,"12":2,"13":2,"14":0,"15":2,"16":1,"17":2,"18":0,"19":0,"20":0,"21":0,"22":0,"23":0,"24":1},"f":{"0":1,"1":1,"2":2,"3":1,"4":2,"5":0,"6":0,"7":0},"b":{"0":[0,2],"1":[0,0]},"_coverageSchema":"1a1c01bbd47fc00a2c39e90264f33305004495a9","hash":"34c377057976a308a4942c4deb60adbbeba75349"}
,"H:\\DMTIC\\000. PRUEBAS PROGRAMACIÓN\\00.ELECTRON\\XAMPP ELECTRO V 0.0\\V 0.1\\app\\utils\\systemDetector.js": {"path":"H:\\DMTIC\\000. PRUEBAS PROGRAMACIÓN\\00.ELECTRON\\XAMPP ELECTRO V 0.0\\V 0.1\\app\\utils\\systemDetector.js","statementMap":{"0":{"start":{"line":1,"column":11},"end":{"line":1,"column":24}},"1":{"start":{"line":2,"column":11},"end":{"line":2,"column":24}},"2":{"start":{"line":3,"column":13},"end":{"line":3,"column":28}},"3":{"start":{"line":4,"column":17},"end":{"line":4,"column":41}},"4":{"start":{"line":8,"column":8},"end":{"line":8,"column":38}},"5":{"start":{"line":9,"column":8},"end":{"line":9,"column":30}},"6":{"start":{"line":13,"column":8},"end":{"line":21,"column":10}},"7":{"start":{"line":25,"column":34},"end":{"line":25,"column":36}},"8":{"start":{"line":27,"column":8},"end":{"line":43,"column":11}},"9":{"start":{"line":28,"column":26},"end":{"line":28,"column":55}},"10":{"start":{"line":30,"column":12},"end":{"line":42,"column":15}},"11":{"start":{"line":31,"column":16},"end":{"line":41,"column":17}},"12":{"start":{"line":32,"column":20},"end":{"line":38,"column":21}},"13":{"start":{"line":33,"column":24},"end":{"line":37,"column":27}},"14":{"start":{"line":40,"column":20},"end":{"line":40,"column":79}},"15":{"start":{"line":45,"column":8},"end":{"line":45,"column":33}},"16":{"start":{"line":49,"column":32},"end":{"line":65,"column":9}},"17":{"start":{"line":67,"column":8},"end":{"line":73,"column":9}},"18":{"start":{"line":68,"column":28},"end":{"line":68,"column":72}},"19":{"start":{"line":69,"column":28},"end":{"line":69,"column":59}},"20":{"start":{"line":70,"column":12},"end":{"line":70,"column":27}},"21":{"start":{"line":72,"column":12},"end":{"line":72,"column":34}},"22":{"start":{"line":77,"column":8},"end":{"line":85,"column":11}},"23":{"start":{"line":78,"column":28},"end":{"line":80,"column":36}},"24":{"start":{"line":82,"column":12},"end":{"line":84,"column":15}},"25":{"start":{"line":83,"column":16},"end":{"line":83,"column":46}},"26":{"start":{"line":89,"column":8},"end":{"line":89,"column":38}},"27":{"start":{"line":93,"column":0},"end":{"line":93,"column":38}}},"fnMap":{"0":{"name":"(anonymous_0)","decl":{"start":{"line":7,"column":4},"end":{"line":7,"column":5}},"loc":{"start":{"line":7,"column":18},"end":{"line":10,"column":5}},"line":7},"1":{"name":"(anonymous_1)","decl":{"start":{"line":12,"column":4},"end":{"line":12,"column":5}},"loc":{"start":{"line":12,"column":25},"end":{"line":22,"column":5}},"line":12},"2":{"name":"(anonymous_2)","decl":{"start":{"line":24,"column":4},"end":{"line":24,"column":5}},"loc":{"start":{"line":24,"column":42},"end":{"line":46,"column":5}},"line":24},"3":{"name":"(anonymous_3)","decl":{"start":{"line":27,"column":29},"end":{"line":27,"column":30}},"loc":{"start":{"line":27,"column":41},"end":{"line":43,"column":9}},"line":27},"4":{"name":"(anonymous_4)","decl":{"start":{"line":30,"column":26},"end":{"line":30,"column":27}},"loc":{"start":{"line":30,"column":40},"end":{"line":42,"column":13}},"line":30},"5":{"name":"(anonymous_5)","decl":{"start":{"line":48,"column":4},"end":{"line":48,"column":5}},"loc":{"start":{"line":48,"column":29},"end":{"line":74,"column":5}},"line":48},"6":{"name":"(anonymous_6)","decl":{"start":{"line":76,"column":4},"end":{"line":76,"column":5}},"loc":{"start":{"line":76,"column":32},"end":{"line":86,"column":5}},"line":76},"7":{"name":"(anonymous_7)","decl":{"start":{"line":77,"column":27},"end":{"line":77,"column":28}},"loc":{"start":{"line":77,"column":48},"end":{"line":85,"column":9}},"line":77},"8":{"name":"(anonymous_8)","decl":{"start":{"line":82,"column":26},"end":{"line":82,"column":27}},"loc":{"start":{"line":82,"column":45},"end":{"line":84,"column":13}},"line":82},"9":{"name":"(anonymous_9)","decl":{"start":{"line":88,"column":4},"end":{"line":88,"column":5}},"loc":{"start":{"line":88,"column":27},"end":{"line":90,"column":5}},"line":88}},"branchMap":{"0":{"loc":{"start":{"line":32,"column":20},"end":{"line":38,"column":21}},"type":"if","locations":[{"start":{"line":32,"column":20},"end":{"line":38,"column":21}},{"start":{},"end":{}}],"line":32},"1":{"loc":{"start":{"line":78,"column":28},"end":{"line":80,"column":36}},"type":"cond-expr","locations":[{"start":{"line":79,"column":18},"end":{"line":79,"column":51}},{"start":{"line":80,"column":18},"end":{"line":80,"column":36}}],"line":78}},"s":{"0":1,"1":1,"2":1,"3":1,"4":1,"5":1,"6":1,"7":0,"8":0,"9":0,"10":0,"11":0,"12":0,"13":0,"14":0,"15":0,"16":0,"17":0,"18":0,"19":0,"20":0,"21":0,"22":1,"23":1,"24":1,"25":1,"26":0,"27":1},"f":{"0":1,"1":1,"2":0,"3":0,"4":0,"5":0,"6":1,"7":1,"8":1,"9":0},"b":{"0":[0,0],"1":[1,0]},"_coverageSchema":"1a1c01bbd47fc00a2c39e90264f33305004495a9","hash":"a82feaf775f1e8e44acc0fa141c5caa5209fe052"}
}
