TN:
SF:app\controllers\databaseController.js
FN:5,(anonymous_0)
FN:9,(anonymous_1)
FN:20,(anonymous_2)
FN:21,(anonymous_3)
FN:35,(anonymous_4)
FN:47,(anonymous_5)
FN:50,(anonymous_6)
FN:51,(anonymous_7)
FN:61,(anonymous_8)
FN:68,(anonymous_9)
FN:75,(anonymous_10)
FNF:11
FNH:11
FNDA:2,(anonymous_0)
FNDA:2,(anonymous_1)
FNDA:2,(anonymous_2)
FNDA:2,(anonymous_3)
FNDA:2,(anonymous_4)
FNDA:2,(anonymous_5)
FNDA:2,(anonymous_6)
FNDA:2,(anonymous_7)
FNDA:7,(anonymous_8)
FNDA:6,(anonymous_9)
FNDA:2,(anonymous_10)
DA:1,2
DA:2,2
DA:6,2
DA:10,2
DA:11,0
DA:14,2
DA:18,2
DA:20,2
DA:21,2
DA:22,2
DA:23,0
DA:24,0
DA:27,2
DA:36,2
DA:44,2
DA:48,2
DA:50,2
DA:51,2
DA:52,2
DA:53,0
DA:54,0
DA:58,2
DA:62,7
DA:68,6
DA:70,2
DA:76,2
DA:81,2
DA:85,2
LF:28
LH:23
BRDA:9,0,0,2
BRDA:9,1,0,2
BRDA:10,2,0,0
BRDA:10,2,1,2
BRDA:22,3,0,0
BRDA:22,3,1,2
BRDA:52,4,0,0
BRDA:52,4,1,2
BRDA:62,5,0,7
BRDA:62,5,1,7
BRDA:62,5,2,7
BRDA:62,5,3,6
BRDA:62,5,4,6
BRF:13
BRH:10
end_of_record
TN:
SF:app\controllers\projectController.js
FN:6,(anonymous_0)
FN:10,(anonymous_1)
FN:18,(anonymous_2)
FN:22,(anonymous_3)
FN:26,(anonymous_4)
FNF:5
FNH:3
FNDA:1,(anonymous_0)
FNDA:1,(anonymous_1)
FNDA:1,(anonymous_2)
FNDA:0,(anonymous_3)
FNDA:0,(anonymous_4)
DA:1,1
DA:2,1
DA:3,1
DA:7,1
DA:11,1
DA:12,1
DA:14,0
DA:19,1
DA:23,0
DA:27,0
DA:32,0
DA:33,0
DA:36,0
DA:38,0
DA:46,1
LF:15
LH:8
BRDA:10,0,0,0
BRDA:32,1,0,0
BRDA:32,1,1,0
BRF:3
BRH:0
end_of_record
TN:
SF:app\controllers\serviceController.js
FN:6,(anonymous_0)
FN:10,(anonymous_1)
FN:20,(anonymous_2)
FN:21,(anonymous_3)
FN:37,(anonymous_4)
FN:47,(anonymous_5)
FN:48,(anonymous_6)
FN:64,(anonymous_7)
FN:73,(anonymous_8)
FN:78,(anonymous_9)
FNF:10
FNH:7
FNDA:2,(anonymous_0)
FNDA:1,(anonymous_1)
FNDA:1,(anonymous_2)
FNDA:1,(anonymous_3)
FNDA:1,(anonymous_4)
FNDA:1,(anonymous_5)
FNDA:1,(anonymous_6)
FNDA:0,(anonymous_7)
FNDA:0,(anonymous_8)
FNDA:0,(anonymous_9)
DA:1,2
DA:2,2
DA:3,2
DA:7,2
DA:11,1
DA:12,1
DA:14,1
DA:15,0
DA:18,1
DA:20,1
DA:21,1
DA:22,1
DA:23,0
DA:24,0
DA:27,1
DA:28,1
DA:38,1
DA:39,1
DA:41,1
DA:42,0
DA:45,1
DA:47,1
DA:48,1
DA:49,1
DA:50,0
DA:51,0
DA:54,1
DA:55,1
DA:65,0
DA:66,0
DA:67,0
DA:69,0
DA:74,0
DA:75,0
DA:79,0
DA:83,2
LF:36
LH:23
BRDA:14,0,0,0
BRDA:14,0,1,1
BRDA:22,1,0,0
BRDA:22,1,1,1
BRDA:41,2,0,0
BRDA:41,2,1,1
BRDA:49,3,0,0
BRDA:49,3,1,1
BRDA:75,4,0,0
BRDA:75,4,1,0
BRF:10
BRH:4
end_of_record
TN:
SF:app\models\databaseModel.js
FN:6,(anonymous_0)
FN:10,(anonymous_1)
FN:15,(anonymous_2)
FN:20,(anonymous_3)
FN:31,(anonymous_4)
FN:41,(anonymous_5)
FNF:6
FNH:5
FNDA:2,(anonymous_0)
FNDA:2,(anonymous_1)
FNDA:2,(anonymous_2)
FNDA:0,(anonymous_3)
FNDA:2,(anonymous_4)
FNDA:2,(anonymous_5)
DA:1,2
DA:2,2
DA:3,2
DA:7,2
DA:11,2
DA:12,2
DA:16,2
DA:17,2
DA:21,0
DA:22,0
DA:24,0
DA:32,2
DA:34,2
DA:43,2
DA:44,2
DA:48,2
LF:16
LH:13
BRDA:31,0,0,0
BRDA:31,1,0,0
BRDA:36,2,0,2
BRDA:36,2,1,2
BRDA:37,3,0,2
BRDA:37,3,1,2
BRDA:44,4,0,2
BRDA:44,4,1,2
BRF:8
BRH:6
end_of_record
TN:
SF:app\models\projectModel.js
FN:6,(anonymous_0)
FN:12,(anonymous_1)
FN:16,(anonymous_2)
FN:17,(anonymous_3)
FN:33,(anonymous_4)
FN:50,(anonymous_5)
FN:60,(anonymous_6)
FN:62,(anonymous_7)
FNF:8
FNH:8
FNDA:2,(anonymous_0)
FNDA:1,(anonymous_1)
FNDA:1,(anonymous_2)
FNDA:1,(anonymous_3)
FNDA:5,(anonymous_4)
FNDA:2,(anonymous_5)
FNDA:1,(anonymous_6)
FNDA:11,(anonymous_7)
DA:1,2
DA:2,2
DA:3,2
DA:7,2
DA:8,2
DA:9,2
DA:13,1
DA:17,1
DA:19,1
DA:20,0
DA:23,1
DA:26,1
DA:27,0
DA:31,1
DA:33,1
DA:34,5
DA:36,5
DA:37,3
DA:39,2
DA:43,1
DA:51,2
DA:57,2
DA:61,1
DA:62,11
DA:66,2
LF:25
LH:23
BRDA:16,0,0,0
BRDA:19,1,0,0
BRDA:19,1,1,1
BRDA:26,2,0,0
BRDA:26,2,1,1
BRDA:36,3,0,3
BRDA:36,3,1,2
BRDA:57,4,0,2
BRDA:57,4,1,0
BRF:9
BRH:5
end_of_record
TN:
SF:app\models\serviceModel.js
FN:6,(anonymous_0)
FN:10,(anonymous_1)
FN:15,(anonymous_2)
FN:17,(anonymous_3)
FN:20,(anonymous_4)
FN:22,(anonymous_5)
FN:25,(anonymous_6)
FN:29,(anonymous_7)
FN:34,(anonymous_8)
FN:37,(anonymous_9)
FN:54,(anonymous_10)
FNF:11
FNH:6
FNDA:2,(anonymous_0)
FNDA:3,(anonymous_1)
FNDA:2,(anonymous_2)
FNDA:3,(anonymous_3)
FNDA:0,(anonymous_4)
FNDA:0,(anonymous_5)
FNDA:0,(anonymous_6)
FNDA:0,(anonymous_7)
FNDA:2,(anonymous_8)
FNDA:3,(anonymous_9)
FNDA:0,(anonymous_10)
DA:1,2
DA:2,2
DA:3,2
DA:7,2
DA:11,3
DA:12,3
DA:16,2
DA:17,3
DA:21,0
DA:22,0
DA:26,0
DA:27,0
DA:29,0
DA:30,0
DA:35,2
DA:36,2
DA:37,3
DA:40,2
DA:41,2
DA:43,2
DA:48,2
DA:51,0
DA:55,0
DA:56,0
DA:58,0
DA:59,0
DA:62,0
DA:66,2
LF:28
LH:16
BRDA:40,0,0,2
BRDA:40,0,1,0
BRDA:58,1,0,0
BRDA:58,1,1,0
BRDA:58,2,0,0
BRDA:58,2,1,0
BRF:6
BRH:1
end_of_record
TN:
SF:app\utils\fileManager.js
FN:6,(anonymous_0)
FN:10,(anonymous_1)
FN:20,(anonymous_2)
FN:30,(anonymous_3)
FN:39,(anonymous_4)
FN:49,(anonymous_5)
FN:59,(anonymous_6)
FN:69,(anonymous_7)
FNF:8
FNH:3
FNDA:1,(anonymous_0)
FNDA:0,(anonymous_1)
FNDA:2,(anonymous_2)
FNDA:1,(anonymous_3)
FNDA:0,(anonymous_4)
FNDA:0,(anonymous_5)
FNDA:0,(anonymous_6)
FNDA:0,(anonymous_7)
DA:1,1
DA:2,1
DA:3,1
DA:7,1
DA:11,0
DA:12,0
DA:13,0
DA:15,0
DA:16,0
DA:21,2
DA:22,2
DA:23,2
DA:25,0
DA:26,0
DA:31,1
DA:32,1
DA:34,0
DA:35,0
DA:40,0
DA:41,0
DA:42,0
DA:44,0
DA:45,0
DA:50,0
DA:51,0
DA:52,0
DA:54,0
DA:55,0
DA:60,0
DA:61,0
DA:62,0
DA:64,0
DA:65,0
DA:70,0
DA:71,0
DA:73,0
DA:74,0
DA:79,1
LF:38
LH:10
BRDA:10,0,0,0
BRDA:20,1,0,2
BRDA:30,2,0,1
BRF:3
BRH:2
end_of_record
TN:
SF:app\utils\logManager.js
FN:6,(anonymous_0)
FN:12,(anonymous_1)
FN:23,(anonymous_2)
FN:39,(anonymous_3)
FN:48,(anonymous_4)
FN:52,(anonymous_5)
FN:55,(anonymous_6)
FN:61,(anonymous_7)
FNF:8
FNH:5
FNDA:1,(anonymous_0)
FNDA:1,(anonymous_1)
FNDA:2,(anonymous_2)
FNDA:1,(anonymous_3)
FNDA:2,(anonymous_4)
FNDA:0,(anonymous_5)
FNDA:0,(anonymous_6)
FNDA:0,(anonymous_7)
DA:1,1
DA:2,1
DA:3,1
DA:7,1
DA:8,1
DA:9,1
DA:13,1
DA:14,1
DA:16,1
DA:17,1
DA:19,0
DA:24,2
DA:30,2
DA:32,2
DA:33,0
DA:36,2
DA:40,1
DA:49,2
DA:53,0
DA:54,0
DA:55,0
DA:59,0
DA:60,0
DA:61,0
DA:66,1
LF:25
LH:17
BRDA:32,0,0,0
BRDA:32,0,1,2
BRDA:59,1,0,0
BRDA:59,1,1,0
BRF:4
BRH:1
end_of_record
TN:
SF:app\utils\systemDetector.js
FN:7,(anonymous_0)
FN:12,(anonymous_1)
FN:24,(anonymous_2)
FN:27,(anonymous_3)
FN:30,(anonymous_4)
FN:48,(anonymous_5)
FN:76,(anonymous_6)
FN:77,(anonymous_7)
FN:82,(anonymous_8)
FN:88,(anonymous_9)
FNF:10
FNH:5
FNDA:1,(anonymous_0)
FNDA:1,(anonymous_1)
FNDA:0,(anonymous_2)
FNDA:0,(anonymous_3)
FNDA:0,(anonymous_4)
FNDA:0,(anonymous_5)
FNDA:1,(anonymous_6)
FNDA:1,(anonymous_7)
FNDA:1,(anonymous_8)
FNDA:0,(anonymous_9)
DA:1,1
DA:2,1
DA:3,1
DA:4,1
DA:8,1
DA:9,1
DA:13,1
DA:25,0
DA:27,0
DA:28,0
DA:30,0
DA:31,0
DA:32,0
DA:33,0
DA:40,0
DA:45,0
DA:49,0
DA:67,0
DA:68,0
DA:69,0
DA:70,0
DA:72,0
DA:77,1
DA:78,1
DA:82,1
DA:83,1
DA:89,0
DA:93,1
LF:28
LH:12
BRDA:32,0,0,0
BRDA:32,0,1,0
BRDA:78,1,0,1
BRDA:78,1,1,0
BRF:4
BRH:1
end_of_record
